<?xml version="1.0" encoding="UTF-8" standalone="no"?>
<!DOCTYPE log SYSTEM "logger.dtd">
<log>
<record>
  <date>2023-09-19T15:55:02.186375Z</date>
  <millis>1695138902186</millis>
  <nanos>375000</nanos>
  <sequence>0</sequence>
  <logger>org.uma.jmetal.util.JMetalLogger</logger>
  <level>INFO</level>
  <class>org.uma.jmetal.util.JMetalLogger</class>
  <method>configureLoggers</method>
  <thread>1</thread>
  <message>Loggers configured with null</message>
</record>
<record>
  <date>2023-09-19T15:55:02.194510Z</date>
  <millis>1695138902194</millis>
  <nanos>510000</nanos>
  <sequence>1</sequence>
  <logger>org.uma.jmetal.util.JMetalLogger</logger>
  <level>INFO</level>
  <class>org.uma.jmetal.util.observable.impl.DefaultObservable</class>
  <method>register</method>
  <thread>1</thread>
  <message>DefaultObservable Observable: org.uma.khaos.tm_msaligner.util.observer.FrontPlotTM_MSAObserver@4ee203eb registered</message>
</record>
</log>
